
Jul 20, 2025 7:02:59 AM com.gatorsoft.aerodeskpro.utils.Logger info
INFO: This is an info message from TestLogger.
Jul 20, 2025 7:02:59 AM com.gatorsoft.aerodeskpro.utils.Logger error
SEVERE: This is an error message from TestLogger.
java.lang.RuntimeException: Test exception
	at com.gatorsoft.aerodeskpro.utils.PassengerTableFrame.main(PassengerTableFrame.java:85)

Jul 20, 2025 7:06:00 AM com.gatorsoft.aerodeskpro.utils.Logger info
INFO: This is an info message from TestLogger.
Jul 20, 2025 7:06:00 AM com.gatorsoft.aerodeskpro.utils.Logger error
SEVERE: This is an error message from TestLogger.
java.lang.RuntimeException: Test exception
	at com.gatorsoft.aerodeskpro.utils.PassengerTableFrame.main(PassengerTableFrame.java:85)

Jul 20, 2025 8:31:23 AM com.gatorsoft.aerodeskpro.utils.Logger info
INFO: This is an info message from TestLogger.
Jul 20, 2025 8:31:23 AM com.gatorsoft.aerodeskpro.utils.Logger error
SEVERE: This is an error message from TestLogger.
java.lang.RuntimeException: Test exception
	at com.gatorsoft.aerodeskpro.utils.PassengerTableFrame.main(PassengerTableFrame.java:85)

Jul 20, 2025 9:16:59 AM com.gatorsoft.aerodeskpro.utils.Logger info
INFO: This is an info message from TestLogger.
Jul 20, 2025 9:16:59 AM com.gatorsoft.aerodeskpro.utils.Logger error
SEVERE: This is an error message from TestLogger.
java.lang.RuntimeException: Test exception
	at com.gatorsoft.aerodeskpro.utils.PassengerTableFrame.main(PassengerTableFrame.java:85)

Jul 21, 2025 12:13:39 AM com.gatorsoft.aerodeskpro.utils.Logger info
INFO: This is an info message from TestLogger.
Jul 21, 2025 12:13:39 AM com.gatorsoft.aerodeskpro.utils.Logger error
SEVERE: This is an error message from TestLogger.
java.lang.RuntimeException: Test exception
	at com.gatorsoft.aerodeskpro.utils.PassengerTableFrame.main(PassengerTableFrame.java:85)

Jul 21, 2025 11:23:52 AM com.gatorsoft.aerodeskpro.utils.Logger info
INFO: This is an info message from TestLogger.
Jul 21, 2025 11:23:52 AM com.gatorsoft.aerodeskpro.utils.Logger error
SEVERE: This is an error message from TestLogger.
java.lang.RuntimeException: Test exception
	at com.gatorsoft.aerodeskpro.utils.PassengerTableFrame.main(PassengerTableFrame.java:85)

